c:\users\lenovo x250\documents\github\tpv2asteroid\tpv2\tpv2\x64\debug\vc143.pdb
c:\users\lenovo x250\documents\github\tpv2asteroid\tpv2\tpv2\x64\debug\vc143.idb
c:\users\lenovo x250\documents\github\tpv2asteroid\tpv2\tpv2\x64\debug\sdlutils.obj
c:\users\lenovo x250\documents\github\tpv2asteroid\tpv2\tpv2\x64\debug\main.obj
c:\users\lenovo x250\documents\github\tpv2asteroid\tpv2\tpv2\x64\debug\json_demo.obj
c:\users\lenovo x250\documents\github\tpv2asteroid\tpv2\tpv2\x64\debug\jsonvalue.obj
c:\users\lenovo x250\documents\github\tpv2asteroid\tpv2\tpv2\x64\debug\json.obj
c:\users\lenovo x250\documents\github\tpv2asteroid\tpv2\tpv2\x64\debug\winstate.obj
c:\users\lenovo x250\documents\github\tpv2asteroid\tpv2\tpv2\x64\debug\pausestate.obj
c:\users\lenovo x250\documents\github\tpv2asteroid\tpv2\tpv2\x64\debug\gamestatemachine.obj
c:\users\lenovo x250\documents\github\tpv2asteroid\tpv2\tpv2\x64\debug\gamestate.obj
c:\users\lenovo x250\documents\github\tpv2asteroid\tpv2\tpv2\x64\debug\game.obj
c:\users\lenovo x250\documents\github\tpv2asteroid\tpv2\tpv2\x64\debug\deathstate.obj
c:\users\lenovo x250\documents\github\tpv2asteroid\tpv2\tpv2\x64\debug\damagedstate.obj
c:\users\lenovo x250\documents\github\tpv2asteroid\tpv2\tpv2\x64\debug\battlestate.obj
c:\users\lenovo x250\documents\github\tpv2asteroid\tpv2\tpv2\x64\debug\system.obj
c:\users\lenovo x250\documents\github\tpv2asteroid\tpv2\tpv2\x64\debug\manager.obj
c:\users\lenovo x250\documents\github\tpv2asteroid\tpv2\tpv2\x64\debug\entity.obj
c:\users\lenovo x250\documents\github\tpv2asteroid\tpv2\tpv2\x64\debug\transform.obj
c:\users\lenovo x250\documents\github\tpv2asteroid\tpv2\tpv2\x64\debug\framedimage.obj
c:\users\lenovo x250\documents\github\tpv2asteroid\tpv2\tpv2\x64\debug\follow.obj
c:\users\lenovo x250\documents\github\tpv2asteroid\tpv2\tpv2\x64\debug\fighterctrl.obj
c:\users\lenovo x250\documents\github\tpv2asteroid\tpv2\tpv2\x64\debug\vector2d.obj
c:\users\lenovo x250\documents\github\tpv2asteroid\tpv2\tpv2\x64\debug\collisions.obj
c:\users\lenovo x250\documents\github\tpv2asteroid\tpv2\tpv2\x64\debug\scenectrlsystem.obj
c:\users\lenovo x250\documents\github\tpv2asteroid\tpv2\tpv2\x64\debug\rendersystem.obj
c:\users\lenovo x250\documents\github\tpv2asteroid\tpv2\tpv2\x64\debug\fightersystem.obj
c:\users\lenovo x250\documents\github\tpv2asteroid\tpv2\tpv2\x64\debug\collisionsystem.obj
c:\users\lenovo x250\documents\github\tpv2asteroid\tpv2\tpv2\x64\debug\bulletsystem.obj
c:\users\lenovo x250\documents\github\tpv2asteroid\tpv2\tpv2\x64\debug\asteroidssystem.obj
c:\users\lenovo x250\documents\github\tpv2asteroid\tpv2\tpv2\x64\debug\texture.obj
c:\users\lenovo x250\documents\github\tpv2asteroid\tpv2\tpv2\x64\debug\soundeffect.obj
c:\users\lenovo x250\documents\github\tpv2asteroid\tpv2\tpv2\x64\debug\sdlutils_demo.obj
c:\users\lenovo x250\documents\github\tpv2asteroid\tpv2\tpv2\x64\debug\netsystem.obj
c:\users\lenovo x250\documents\github\tpv2asteroid\tpv2\tpv2\x64\debug\multiplayerstate.obj
c:\users\lenovo x250\documents\github\tpv2asteroid\tpv2\tpv2\x64\debug\mainmenustate.obj
c:\users\lenovo x250\documents\github\tpv2asteroid\tpv2\bin\tpv2debug.lib
c:\users\lenovo x250\documents\github\tpv2asteroid\tpv2\bin\tpv2debug.exp
c:\users\lenovo x250\documents\github\tpv2asteroid\tpv2\tpv2\x64\debug\system.obj.enc
c:\users\lenovo x250\documents\github\tpv2asteroid\tpv2\bin\tpv2debug.pdb
c:\users\lenovo x250\documents\github\tpv2asteroid\tpv2\tpv2\x64\debug\tpv2.tlog\cl.command.1.tlog
c:\users\lenovo x250\documents\github\tpv2asteroid\tpv2\tpv2\x64\debug\tpv2.tlog\cl.read.1.tlog
c:\users\lenovo x250\documents\github\tpv2asteroid\tpv2\tpv2\x64\debug\tpv2.tlog\cl.write.1.tlog
c:\users\lenovo x250\documents\github\tpv2asteroid\tpv2\tpv2\x64\debug\tpv2.tlog\link-cvtres.read.1.tlog
c:\users\lenovo x250\documents\github\tpv2asteroid\tpv2\tpv2\x64\debug\tpv2.tlog\link-cvtres.write.1.tlog
c:\users\lenovo x250\documents\github\tpv2asteroid\tpv2\tpv2\x64\debug\tpv2.tlog\link-rc.read.1.tlog
c:\users\lenovo x250\documents\github\tpv2asteroid\tpv2\tpv2\x64\debug\tpv2.tlog\link-rc.write.1.tlog
c:\users\lenovo x250\documents\github\tpv2asteroid\tpv2\tpv2\x64\debug\tpv2.tlog\link.command.1.tlog
c:\users\lenovo x250\documents\github\tpv2asteroid\tpv2\tpv2\x64\debug\tpv2.tlog\link.delete.1.tlog
c:\users\lenovo x250\documents\github\tpv2asteroid\tpv2\tpv2\x64\debug\tpv2.tlog\link.read.1.tlog
c:\users\lenovo x250\documents\github\tpv2asteroid\tpv2\tpv2\x64\debug\tpv2.tlog\link.read.2.tlog
c:\users\lenovo x250\documents\github\tpv2asteroid\tpv2\tpv2\x64\debug\tpv2.tlog\link.write.1.tlog
c:\users\lenovo x250\documents\github\tpv2asteroid\tpv2\tpv2\x64\debug\tpv2.tlog\tpv2.write.1u.tlog
